<?xml version="1.0" encoding="UTF-8"?>
<testng-results skipped="0" failed="0" ignored="0" total="2" passed="2">
  <reporter-output>
  </reporter-output>
  <suite name="Default suite" duration-ms="54920" started-at="2019-09-01T12:04:26Z" finished-at="2019-09-01T12:05:21Z">
    <groups>
    </groups>
    <test name="Default test" duration-ms="54920" started-at="2019-09-01T12:04:26Z" finished-at="2019-09-01T12:05:21Z">
      <class name="com.apiTest.API.ValidateAPI">
        <test-method status="PASS" signature="initialization(org.testng.ITestContext)[pri:0, instance:com.apiTest.API.ValidateAPI@57a3af25]" name="initialization" is-config="true" duration-ms="6203" started-at="2019-09-01T12:04:20Z" finished-at="2019-09-01T12:04:26Z">
          <params>
            <param index="0">
              <value>
                <![CDATA[org.testng.TestRunner@61ae0d43]]>
              </value>
            </param>
          </params>
          <reporter-output>
          </reporter-output>
        </test-method> <!-- initialization -->
        <test-method status="PASS" signature="verifyAPI(java.lang.String, java.lang.String, java.lang.String, java.lang.String, java.lang.String, java.lang.String, java.lang.String)[pri:0, instance:com.apiTest.API.ValidateAPI@57a3af25]" name="verifyAPI" duration-ms="40036" started-at="2019-09-01T12:04:31Z" data-provider="APITestData" finished-at="2019-09-01T12:05:11Z">
          <params>
            <param index="0">
              <value>
                <![CDATA[Yes]]>
              </value>
            </param>
            <param index="1">
              <value>
                <![CDATA[6327]]>
              </value>
            </param>
            <param index="2">
              <value>
                <![CDATA[false]]>
              </value>
            </param>
            <param index="3">
              <value>
                <![CDATA[Carbon credits]]>
              </value>
            </param>
            <param index="4">
              <value>
                <![CDATA[true]]>
              </value>
            </param>
            <param index="5">
              <value>
                <![CDATA[Gallery]]>
              </value>
            </param>
            <param index="6">
              <value>
                <![CDATA[2x larger image]]>
              </value>
            </param>
          </params>
          <reporter-output>
          </reporter-output>
        </test-method> <!-- verifyAPI -->
        <test-method status="PASS" signature="createTest(org.testng.ITestResult)[pri:0, instance:com.apiTest.API.ValidateAPI@57a3af25]" name="createTest" is-config="true" duration-ms="0" started-at="2019-09-01T12:04:31Z" finished-at="2019-09-01T12:04:31Z">
          <params>
            <param index="0">
              <value>
                <![CDATA[[TestResult name=verifyAPI status=SUCCESS method=ValidateAPI.verifyAPI(java.lang.String, java.lang.String, java.lang.String, java.lang.String, java.lang.String, java.lang.String, java.lang.String)[pri:0, instance:com.apiTest.API.ValidateAPI@57a3af25] output={null}]]]>
              </value>
            </param>
          </params>
          <reporter-output>
          </reporter-output>
        </test-method> <!-- createTest -->
        <test-method status="PASS" signature="flushReport()[pri:0, instance:com.apiTest.API.ValidateAPI@57a3af25]" name="flushReport" is-config="true" duration-ms="572" started-at="2019-09-01T12:05:11Z" finished-at="2019-09-01T12:05:12Z">
          <reporter-output>
          </reporter-output>
        </test-method> <!-- flushReport -->
        <test-method status="PASS" signature="verifyAPI(java.lang.String, java.lang.String, java.lang.String, java.lang.String, java.lang.String, java.lang.String, java.lang.String)[pri:0, instance:com.apiTest.API.ValidateAPI@57a3af25]" name="verifyAPI" duration-ms="8868" started-at="2019-09-01T12:05:12Z" data-provider="APITestData" finished-at="2019-09-01T12:05:21Z">
          <params>
            <param index="0">
              <value>
                <![CDATA[Yes]]>
              </value>
            </param>
            <param index="1">
              <value>
                <![CDATA[6328]]>
              </value>
            </param>
            <param index="2">
              <value>
                <![CDATA[false]]>
              </value>
            </param>
            <param index="3">
              <value>
                <![CDATA[Carbon credits]]>
              </value>
            </param>
            <param index="4">
              <value>
                <![CDATA[true]]>
              </value>
            </param>
            <param index="5">
              <value>
                <![CDATA[Gallery]]>
              </value>
            </param>
            <param index="6">
              <value>
                <![CDATA[2x larger image]]>
              </value>
            </param>
          </params>
          <reporter-output>
          </reporter-output>
        </test-method> <!-- verifyAPI -->
        <test-method status="PASS" signature="createTest(org.testng.ITestResult)[pri:0, instance:com.apiTest.API.ValidateAPI@57a3af25]" name="createTest" is-config="true" duration-ms="0" started-at="2019-09-01T12:05:12Z" finished-at="2019-09-01T12:05:12Z">
          <params>
            <param index="0">
              <value>
                <![CDATA[[TestResult name=verifyAPI status=SUCCESS method=ValidateAPI.verifyAPI(java.lang.String, java.lang.String, java.lang.String, java.lang.String, java.lang.String, java.lang.String, java.lang.String)[pri:0, instance:com.apiTest.API.ValidateAPI@57a3af25] output={null}]]]>
              </value>
            </param>
          </params>
          <reporter-output>
          </reporter-output>
        </test-method> <!-- createTest -->
        <test-method status="PASS" signature="flushReport()[pri:0, instance:com.apiTest.API.ValidateAPI@57a3af25]" name="flushReport" is-config="true" duration-ms="132" started-at="2019-09-01T12:05:21Z" finished-at="2019-09-01T12:05:21Z">
          <reporter-output>
          </reporter-output>
        </test-method> <!-- flushReport -->
      </class> <!-- com.apiTest.API.ValidateAPI -->
    </test> <!-- Default test -->
  </suite> <!-- Default suite -->
</testng-results>
