<?xml version="1.0" encoding="UTF-8"?>
<testng-results skipped="0" failed="0" ignored="0" total="2" passed="2">
  <reporter-output>
  </reporter-output>
  <suite name="Suite" duration-ms="11855" started-at="2019-09-04T06:36:53Z" finished-at="2019-09-04T06:37:05Z">
    <groups>
    </groups>
    <test name="TestAPI" duration-ms="11855" started-at="2019-09-04T06:36:53Z" finished-at="2019-09-04T06:37:05Z">
      <class name="com.apiTest.API.ValidateAPI">
        <test-method status="PASS" signature="initialization(org.testng.ITestContext)[pri:0, instance:com.apiTest.API.ValidateAPI@31a5c39e]" name="initialization" is-config="true" duration-ms="203" started-at="2019-09-04T06:36:53Z" finished-at="2019-09-04T06:36:53Z">
          <params>
            <param index="0">
              <value>
                <![CDATA[org.testng.TestRunner@7ad54c55]]>
              </value>
            </param>
          </params>
          <reporter-output>
          </reporter-output>
        </test-method> <!-- initialization -->
        <test-method status="PASS" signature="createTest(org.testng.ITestResult)[pri:0, instance:com.apiTest.API.ValidateAPI@31a5c39e]" name="createTest" is-config="true" duration-ms="13" started-at="2019-09-04T06:36:54Z" finished-at="2019-09-04T06:36:54Z">
          <params>
            <param index="0">
              <value>
                <![CDATA[[TestResult name=verifyAPI status=SUCCESS method=ValidateAPI.verifyAPI(java.lang.String, java.lang.String, java.lang.String, java.lang.String, java.lang.String, java.lang.String, java.lang.String)[pri:0, instance:com.apiTest.API.ValidateAPI@31a5c39e] output={null}]]]>
              </value>
            </param>
          </params>
          <reporter-output>
          </reporter-output>
        </test-method> <!-- createTest -->
        <test-method status="PASS" signature="verifyAPI(java.lang.String, java.lang.String, java.lang.String, java.lang.String, java.lang.String, java.lang.String, java.lang.String)[pri:0, instance:com.apiTest.API.ValidateAPI@31a5c39e]" name="verifyAPI" duration-ms="7800" started-at="2019-09-04T06:36:54Z" data-provider="APITestData" finished-at="2019-09-04T06:37:02Z">
          <params>
            <param index="0">
              <value>
                <![CDATA[Yes]]>
              </value>
            </param>
            <param index="1">
              <value>
                <![CDATA[6327]]>
              </value>
            </param>
            <param index="2">
              <value>
                <![CDATA[false]]>
              </value>
            </param>
            <param index="3">
              <value>
                <![CDATA[Carbon credits]]>
              </value>
            </param>
            <param index="4">
              <value>
                <![CDATA[true]]>
              </value>
            </param>
            <param index="5">
              <value>
                <![CDATA[Gallery]]>
              </value>
            </param>
            <param index="6">
              <value>
                <![CDATA[2x larger image]]>
              </value>
            </param>
          </params>
          <reporter-output>
          </reporter-output>
        </test-method> <!-- verifyAPI -->
        <test-method status="PASS" signature="flushReport()[pri:0, instance:com.apiTest.API.ValidateAPI@31a5c39e]" name="flushReport" is-config="true" duration-ms="385" started-at="2019-09-04T06:37:02Z" finished-at="2019-09-04T06:37:02Z">
          <reporter-output>
          </reporter-output>
        </test-method> <!-- flushReport -->
        <test-method status="PASS" signature="createTest(org.testng.ITestResult)[pri:0, instance:com.apiTest.API.ValidateAPI@31a5c39e]" name="createTest" is-config="true" duration-ms="1" started-at="2019-09-04T06:37:02Z" finished-at="2019-09-04T06:37:02Z">
          <params>
            <param index="0">
              <value>
                <![CDATA[[TestResult name=verifyAPI status=SUCCESS method=ValidateAPI.verifyAPI(java.lang.String, java.lang.String, java.lang.String, java.lang.String, java.lang.String, java.lang.String, java.lang.String)[pri:0, instance:com.apiTest.API.ValidateAPI@31a5c39e] output={null}]]]>
              </value>
            </param>
          </params>
          <reporter-output>
          </reporter-output>
        </test-method> <!-- createTest -->
        <test-method status="PASS" signature="verifyAPI(java.lang.String, java.lang.String, java.lang.String, java.lang.String, java.lang.String, java.lang.String, java.lang.String)[pri:0, instance:com.apiTest.API.ValidateAPI@31a5c39e]" name="verifyAPI" duration-ms="2834" started-at="2019-09-04T06:37:02Z" data-provider="APITestData" finished-at="2019-09-04T06:37:05Z">
          <params>
            <param index="0">
              <value>
                <![CDATA[Yes]]>
              </value>
            </param>
            <param index="1">
              <value>
                <![CDATA[6328]]>
              </value>
            </param>
            <param index="2">
              <value>
                <![CDATA[false]]>
              </value>
            </param>
            <param index="3">
              <value>
                <![CDATA[Carbon credits]]>
              </value>
            </param>
            <param index="4">
              <value>
                <![CDATA[true]]>
              </value>
            </param>
            <param index="5">
              <value>
                <![CDATA[Gallery]]>
              </value>
            </param>
            <param index="6">
              <value>
                <![CDATA[2x larger image]]>
              </value>
            </param>
          </params>
          <reporter-output>
          </reporter-output>
        </test-method> <!-- verifyAPI -->
        <test-method status="PASS" signature="flushReport()[pri:0, instance:com.apiTest.API.ValidateAPI@31a5c39e]" name="flushReport" is-config="true" duration-ms="137" started-at="2019-09-04T06:37:05Z" finished-at="2019-09-04T06:37:05Z">
          <reporter-output>
          </reporter-output>
        </test-method> <!-- flushReport -->
      </class> <!-- com.apiTest.API.ValidateAPI -->
    </test> <!-- TestAPI -->
  </suite> <!-- Suite -->
</testng-results>
